Change Component Designator: OldDesignator=JP? NewDesignator=JP1
Change Component Designator: OldDesignator=U? NewDesignator=U1
Added Component: Designator=C1(CP1.5/3.4)
Add component (AddParameter): Name = "Description 1"; Value = "1000uF/6,3V - 470uF/16V - 330uF - 25V"; VariantName = "[No Variations]"
Add component (AddParameter): Name = "Description 2"; Value = "220uF/35V - 100uF/50V - 63V - 4,7uF/200V"; VariantName = "[No Variations]"
Add component (AddParameter): Name = "Description 3"; Value = "22uF => 33uF100V - 3,3uF => 4,7uF/250V"; VariantName = "[No Variations]"
Add component (AddParameter): Name = "Description 4"; Value = "2,2uF =>3,3uF/350 - 2,2uF/400V - 1uF/450V"; VariantName = "[No Variations]"
Add component (AddParameter): Name = "Value"; Value = "100uF/35V/50V"; VariantName = "[No Variations]"
Added Component: Designator=D1(D1A)
Add component (AddParameter): Name = "Value"; Value = "1N4007"; VariantName = "[No Variations]"
Added Component: Designator=HD1(HED2)
Add component (AddParameter): Name = "Value"; Value = "Header 2"; VariantName = "[No Variations]"
Added Component: Designator=J1(JP4)
Add component (AddParameter): Name = "Value"; Value = "J3"; VariantName = "[No Variations]"
Added Component: Designator=J2(JP4)
Add component (AddParameter): Name = "Value"; Value = "J3"; VariantName = "[No Variations]"
Added Component: Designator=J3(JP4)
Add component (AddParameter): Name = "Value"; Value = "J3"; VariantName = "[No Variations]"
Added Component: Designator=LED1(LED-3)
Add component (AddParameter): Name = "Value"; Value = "LED 3 ly Single Colour"; VariantName = "[No Variations]"
Added Component: Designator=R1(R1/4W)
Add component (AddParameter): Name = "Value"; Value = "R1/4W - 1K"; VariantName = "[No Variations]"
Added Component: Designator=RL1(RL_SPDT_10A)
Add component (AddParameter): Name = "Value"; Value = "Relay SPDT, 10A, 12V"; VariantName = "[No Variations]"
Added Pin To Net: NetName=VCC Pin=C1-1
Added Pin To Net: NetName=GND Pin=C1-2
Added Pin To Net: NetName=VCC Pin=D1-2
Added Pin To Net: NetName=GND Pin=HD1-1
Added Pin To Net: NetName=VCC Pin=HD1-2
Added Pin To Net: NetName=GND Pin=J1-4
Added Pin To Net: NetName=VCC Pin=J2-3
Added Pin To Net: NetName=GND Pin=J2-4
Added Pin To Net: NetName=VCC Pin=J3-1
Added Pin To Net: NetName=GND Pin=J3-4
Added Pin To Net: NetName=GND Pin=LED1-2
Added Pin To Net: NetName=VCC Pin=RL1-5
Added Pin To Net: NetName=GND Pin=U1-2
Added Pin To Net: NetName=C1 Pin=JP1-5
Added Pin To Net: NetName=C1 Pin=U1-9
Added Net: Name=C1
Added Pin To Net: NetName=C2 Pin=JP1-6
Added Pin To Net: NetName=C2 Pin=U1-8
Added Net: Name=C2
Added Pin To Net: NetName=C3 Pin=JP1-7
Added Pin To Net: NetName=C3 Pin=U1-7
Added Net: Name=C3
Added Pin To Net: NetName=NetJ1_1 Pin=J1-1
Added Pin To Net: NetName=NetJ1_1 Pin=RL1-2
Added Net: Name=NetJ1_1
Added Pin To Net: NetName=NetJ1_2 Pin=J1-2
Added Pin To Net: NetName=NetJ1_2 Pin=RL1-1
Added Net: Name=NetJ1_2
Added Pin To Net: NetName=NetJ1_3 Pin=J1-3
Added Pin To Net: NetName=NetJ1_3 Pin=RL1-3
Added Net: Name=NetJ1_3
Added Pin To Net: NetName=NetLED1_1 Pin=LED1-1
Added Pin To Net: NetName=NetLED1_1 Pin=R1-2
Added Net: Name=NetLED1_1
Added Pin To Net: NetName=R1 Pin=JP1-1
Added Pin To Net: NetName=R1 Pin=U1-13
Added Net: Name=R1
Added Pin To Net: NetName=R2 Pin=JP1-2
Added Pin To Net: NetName=R2 Pin=U1-12
Added Net: Name=R2
Added Pin To Net: NetName=R3 Pin=JP1-3
Added Pin To Net: NetName=R3 Pin=U1-11
Added Net: Name=R3
Added Pin To Net: NetName=R4 Pin=JP1-4
Added Pin To Net: NetName=R4 Pin=U1-10
Added Net: Name=R4
Added Pin To Net: NetName=RELAY Pin=D1-1
Added Pin To Net: NetName=RELAY Pin=R1-1
Added Pin To Net: NetName=RELAY Pin=RL1-4
Added Pin To Net: NetName=RELAY Pin=U1-5
Added Net: Name=RELAY
Added Pin To Net: NetName=RX Pin=J3-3
Added Pin To Net: NetName=RX Pin=U1-27
Added Net: Name=RX
Added Pin To Net: NetName=SCL Pin=J2-1
Added Pin To Net: NetName=SCL Pin=U1-22
Added Net: Name=SCL
Added Pin To Net: NetName=SDA Pin=J2-2
Added Pin To Net: NetName=SDA Pin=U1-25
Added Net: Name=SDA
Added Pin To Net: NetName=TX Pin=J3-2
Added Pin To Net: NetName=TX Pin=U1-28
Added Net: Name=TX
Added Member To Class: ClassName=Sheet1 Member=Component C1 100uF/35V
Added Member To Class: ClassName=Sheet1 Member=Component D1 1N4007
Added Member To Class: ClassName=Sheet1 Member=Component HD1 Header 2
Added Member To Class: ClassName=Sheet1 Member=Component J1 Jumper 4
Added Member To Class: ClassName=Sheet1 Member=Component J2 Jumper 4
Added Member To Class: ClassName=Sheet1 Member=Component J3 Jumper 4
Added Member To Class: ClassName=Sheet1 Member=Component LED1 LED
Added Member To Class: ClassName=Sheet1 Member=Component R1 220
Added Member To Class: ClassName=Sheet1 Member=Component RL1 Relay 10A/12V
